app/build/outputs/logs/manifest-merger-debug-report.txt
-- Merging decision tree log ---
manifest
ADDED from src\main\AndroidManifest.xml:2:1-83:12
	xmlns:android
		ADDED from src\main\AndroidManifest.xml:2:11-69
	package
		ADDED from src\main\AndroidManifest.xml:3:5-51
		INJECTED from src\main\AndroidManifest.xml
		INJECTED from src\main\AndroidManifest.xml
	android:versionName
		ADDED from src\main\AndroidManifest.xml:5:5-30
		INJECTED from src\main\AndroidManifest.xml
		INJECTED from src\main\AndroidManifest.xml
	android:versionCode
		ADDED from src\main\AndroidManifest.xml:4:5-28
		INJECTED from src\main\AndroidManifest.xml
		INJECTED from src\main\AndroidManifest.xml
uses-sdk
ADDED from src\main\AndroidManifest.xml:7:5-9:41
	android:targetSdkVersion
		ADDED from src\main\AndroidManifest.xml:9:9-38
		INJECTED from src\main\AndroidManifest.xml
		INJECTED from src\main\AndroidManifest.xml
	android:minSdkVersion
		ADDED from src\main\AndroidManifest.xml:8:9-35
		INJECTED from src\main\AndroidManifest.xml
		INJECTED from src\main\AndroidManifest.xml
application
ADDED from src\main\AndroidManifest.xml:11:5-81:19
	android:label
		ADDED from src\main\AndroidManifest.xml:14:9-41
	android:allowBackup
		ADDED from src\main\AndroidManifest.xml:12:9-35
	android:icon
		ADDED from src\main\AndroidManifest.xml:13:9-45
	android:theme
		ADDED from src\main\AndroidManifest.xml:15:9-40
activity#com.Prateek.consumerprotectionrights.MainActivity
ADDED from src\main\AndroidManifest.xml:16:9-25:20
	android:screenOrientation
		ADDED from src\main\AndroidManifest.xml:19:13-50
	android:label
		ADDED from src\main\AndroidManifest.xml:18:13-45
	android:name
		ADDED from src\main\AndroidManifest.xml:17:13-77
intent-filter#android.intent.action.MAIN+android.intent.category.LAUNCHER
ADDED from src\main\AndroidManifest.xml:20:13-24:29
action#android.intent.action.MAIN
ADDED from src\main\AndroidManifest.xml:21:17-69
	android:name
		ADDED from src\main\AndroidManifest.xml:21:25-66
category#android.intent.category.LAUNCHER
ADDED from src\main\AndroidManifest.xml:23:17-77
	android:name
		ADDED from src\main\AndroidManifest.xml:23:27-74
activity#com.Prateek.consumerprotectionrights.SecondActivity
ADDED from src\main\AndroidManifest.xml:26:9-34:20
	android:screenOrientation
		ADDED from src\main\AndroidManifest.xml:30:13-50
	android:label
		ADDED from src\main\AndroidManifest.xml:28:13-58
	android:parentActivityName
		ADDED from src\main\AndroidManifest.xml:29:13-91
	android:name
		ADDED from src\main\AndroidManifest.xml:27:13-79
meta-data#android.support.PARENT_ACTIVITY
ADDED from src\main\AndroidManifest.xml:31:13-33:85
	android:name
		ADDED from src\main\AndroidManifest.xml:32:17-63
	android:value
		ADDED from src\main\AndroidManifest.xml:33:17-82
activity#com.Prateek.consumerprotectionrights.NumberOneActivity
ADDED from src\main\AndroidManifest.xml:35:9-43:20
	android:screenOrientation
		ADDED from src\main\AndroidManifest.xml:39:13-50
	android:label
		ADDED from src\main\AndroidManifest.xml:37:13-62
	android:parentActivityName
		ADDED from src\main\AndroidManifest.xml:38:13-91
	android:name
		ADDED from src\main\AndroidManifest.xml:36:13-82
activity#com.Prateek.consumerprotectionrights.NumberTwoActivity
ADDED from src\main\AndroidManifest.xml:44:9-52:20
	android:screenOrientation
		ADDED from src\main\AndroidManifest.xml:48:13-50
	android:label
		ADDED from src\main\AndroidManifest.xml:46:13-62
	android:parentActivityName
		ADDED from src\main\AndroidManifest.xml:47:13-91
	android:name
		ADDED from src\main\AndroidManifest.xml:45:13-82
activity#com.Prateek.consumerprotectionrights.NumberThreeActivity
ADDED from src\main\AndroidManifest.xml:53:9-57:20
	android:screenOrientation
		ADDED from src\main\AndroidManifest.xml:56:13-50
	android:label
		ADDED from src\main\AndroidManifest.xml:55:13-64
	android:name
		ADDED from src\main\AndroidManifest.xml:54:13-84
activity#com.Prateek.consumerprotectionrights.NumberFourActivity
ADDED from src\main\AndroidManifest.xml:58:9-62:20
	android:screenOrientation
		ADDED from src\main\AndroidManifest.xml:61:13-50
	android:label
		ADDED from src\main\AndroidManifest.xml:60:13-63
	android:name
		ADDED from src\main\AndroidManifest.xml:59:13-83
activity#com.Prateek.consumerprotectionrights.NumberFiveActivity
ADDED from src\main\AndroidManifest.xml:63:9-71:20
	android:screenOrientation
		ADDED from src\main\AndroidManifest.xml:67:13-50
	android:label
		ADDED from src\main\AndroidManifest.xml:65:13-63
	android:parentActivityName
		ADDED from src\main\AndroidManifest.xml:66:13-91
	android:name
		ADDED from src\main\AndroidManifest.xml:64:13-83
activity#com.Prateek.consumerprotectionrights.NumberSixActivity
ADDED from src\main\AndroidManifest.xml:72:9-80:20
	android:screenOrientation
		ADDED from src\main\AndroidManifest.xml:76:13-50
	android:label
		ADDED from src\main\AndroidManifest.xml:74:13-62
	android:parentActivityName
		ADDED from src\main\AndroidManifest.xml:75:13-91
	android:name
		ADDED from src\main\AndroidManifest.xml:73:13-82